Drill report for /home/lchico/Documents/Especializacion/Kicad_course/chz_hw_tp_vino/tp_vino.kicad_pcb
Created on vie 25 nov 2016 20:16:28 ART

Copper Layer Stackup:
    =============================================================
    L1 :  F.Cu                      front
    L2 :  B.Cu                      back


Drill file 'tp_vino.drl' contains
    plated through holes:
    =============================================================
    T1  0,40mm  0,016"  (33 holes)
    T2  0,50mm  0,020"  (2 holes)  (with 2 slots)
    T3  0,55mm  0,022"  (2 holes)  (with 2 slots)
    T4  0,76mm  0,030"  (12 holes)
    T5  0,80mm  0,031"  (9 holes)
    T6  0,81mm  0,032"  (8 holes)
    T7  1,00mm  0,039"  (6 holes)
    T8  1,02mm  0,040"  (35 holes)
    T9  1,20mm  0,047"  (3 holes)
    T10  1,32mm  0,052"  (23 holes)
    T11  1,40mm  0,055"  (6 holes)

    Total plated holes count 139


Drill file 'tp_vino-NPTH.drl' contains
    unplated through holes:
    =============================================================

    Total unplated holes count 0
